<?xml version="1.0" encoding="UTF-8"?>
<!-- Generated by org.testng.reporters.JUnitReportReporter -->
<testsuite skipped="0" hostname="DESKTOP-34NVAOJ" name="test.LoginTest" tests="1" failures="0" timestamp="2020-10-04T18:41:00 CDT" time="8.701" errors="0">
  <testcase name="loginTest" time="8.701" classname="test.LoginTest"/>
  <system-out/>
</testsuite> <!-- test.LoginTest -->
