<?xml version="1.0" encoding="UTF-8"?>
<!-- Generated by org.testng.reporters.JUnitReportReporter -->
<testsuite skipped="0" hostname="DESKTOP-34NVAOJ" name="test.AddCustomerTest" tests="1" failures="0" timestamp="2020-11-01T16:22:58 CST" time="15.796" errors="0">
  <testcase name="validUserShoulBeAbleToAddCustomer" time="15.796" classname="test.AddCustomerTest"/>
  <system-out/>
</testsuite> <!-- test.AddCustomerTest -->
