<?xml version="1.0" encoding="UTF-8"?>
<!-- Generated by org.testng.reporters.JUnitReportReporter -->
<testsuite skipped="0" hostname="DESKTOP-34NVAOJ" name="test.AddCustomerTest" tests="1" failures="0" timestamp="2020-12-06T01:26:52 CST" time="20.942" errors="0">
  <testcase name="validUserShoulBeAbleToAddCustomer" time="20.942" classname="test.AddCustomerTest"/>
  <system-out/>
</testsuite> <!-- test.AddCustomerTest -->
